[2016-09-11 21:24:58.199] [DEBUG] temperature - Some debug messages
[2016-09-11 21:25:20.749] [DEBUG] temperature - Some debug messages
[2016-09-11 21:28:26.622] [INFO] temperature - Sampling temperature at 1000ms
[2016-09-11 21:28:28.480] [INFO] temperature - Sampled: 27.3
[2016-09-11 21:28:29.474] [INFO] temperature - Sampled: 27.3
[2016-09-11 21:28:32.124] [INFO] temperature - Sampled: 27.3
[2016-09-11 21:28:32.484] [INFO] temperature - Sampled: 27.3
[2016-09-11 21:28:33.124] [INFO] temperature - Sampled: 27.3
[2016-09-11 21:28:33.484] [INFO] temperature - Sampled: 27.3
[2016-09-11 21:28:34.484] [INFO] temperature - Sampled: 27.3
[2016-09-11 21:28:35.484] [INFO] temperature - Sampled: 27.3
[2016-09-11 21:31:34.964] [INFO] temperature - Sampling at 1000ms
[2016-09-11 21:31:36.815] [INFO] temperature - Sampled: 27.3
[2016-09-11 21:31:37.814] [INFO] temperature - Sampled: 27.3
[2016-09-11 21:31:38.814] [INFO] temperature - Sampled: 27.3
[2016-09-11 21:31:39.814] [INFO] temperature - Sampled: 27.3
[2016-09-11 21:31:40.814] [INFO] temperature - Sampled: 27.3
[2016-09-11 21:31:41.814] [INFO] temperature - Sampled: 27.3
[2016-09-11 21:31:42.814] [INFO] temperature - Sampled: 27.3
[2016-09-11 21:31:43.814] [INFO] temperature - Sampled: 27.3
[2016-09-11 21:31:44.815] [INFO] temperature - Sampled: 27.5
[2016-09-11 21:31:45.825] [INFO] temperature - Sampled: 27.7
[2016-09-11 21:31:46.824] [INFO] temperature - Sampled: 27.9
[2016-09-11 21:31:47.824] [INFO] temperature - Sampled: 28.2
[2016-09-11 21:32:32.239] [INFO] temperature - Sampling at 1000ms
[2016-09-11 21:32:34.089] [INFO] temperature - Sampled: 28.4
[2016-09-11 21:32:35.084] [INFO] temperature - Sampled: 28.4
[2016-09-11 21:32:47.842] [INFO] temperature - Started sampling at 1000ms
[2016-09-11 21:32:49.689] [INFO] temperature - Sampled: 28.2
[2016-09-11 21:32:50.694] [INFO] temperature - Sampled: 28.2
[2016-09-11 21:32:51.694] [INFO] temperature - Sampled: 28.2
[2016-09-11 21:32:52.694] [INFO] temperature - Sampled: 28.2
[2016-09-11 21:44:21.402] [INFO] temperature - Started sampling at 1000ms
[2016-09-11 21:44:23.249] [INFO] temperature - Sampled: 27.3
[2016-09-11 21:45:40.089] [INFO] temperature - Started sampling at 1000ms
[2016-09-11 21:45:41.944] [INFO] temperature - Sampled: 27.3
[2016-09-11 21:45:42.934] [INFO] temperature - Sampled: 27.3
[2016-09-11 22:45:39.153] [INFO] temperature - Started sampling at 1000ms
[2016-09-11 22:45:41.026] [INFO] temperature - Sampled: 28.3
[2016-09-11 22:45:42.003] [INFO] temperature - Sampled: 28.3
[2016-09-11 22:45:42.997] [INFO] temperature - Sampled: 28.3
[2016-09-11 22:45:44.007] [INFO] temperature - Sampled: 28.3
[2016-09-11 22:45:45.009] [INFO] temperature - Sampled: 28.3
[2016-09-11 22:45:46.007] [INFO] temperature - Sampled: 28.3
[2016-09-11 22:45:47.010] [INFO] temperature - Sampled: 28.4
[2016-09-11 22:45:48.012] [INFO] temperature - Sampled: 28.3
[2016-09-11 22:45:49.006] [INFO] temperature - Sampled: 28.3
[2016-09-11 22:45:50.006] [INFO] temperature - Sampled: 28.4
[2016-09-11 22:45:51.006] [INFO] temperature - Sampled: 28.4
[2016-09-11 22:45:52.008] [INFO] temperature - Sampled: 28.4
[2016-09-11 22:46:21.296] [INFO] temperature - Started sampling at 30000ms
[2016-09-11 22:46:37.163] [INFO] temperature - Started sampling at 30000ms
[2016-09-11 22:47:01.987] [INFO] temperature - Started sampling at 30000ms
[2016-09-11 22:47:14.772] [INFO] temperature - Started sampling at 30000ms
[2016-09-11 22:47:19.099] [INFO] temperature - Started sampling at 1000ms
[2016-09-11 22:47:20.976] [INFO] temperature - Sampled: 28.3
[2016-09-11 22:47:21.952] [INFO] temperature - Sampled: 28.3
[2016-09-11 22:47:22.947] [INFO] temperature - Sampled: 28.3
[2016-09-11 22:47:23.947] [INFO] temperature - Sampled: 28.3
[2016-09-11 22:47:24.958] [INFO] temperature - Sampled: 28.4
[2016-09-11 22:49:48.235] [INFO] temperature - Started sampling at 1000ms
[2016-09-11 22:49:50.107] [INFO] temperature - Sampled: 28.4
[2016-09-11 22:49:51.079] [INFO] temperature - Sampled: 28.4
[2016-09-11 22:49:52.078] [INFO] temperature - Sampled: 28.4
[2016-09-11 22:49:53.091] [INFO] temperature - Sampled: 28.4
[2016-09-11 22:52:16.155] [INFO] temperature - Started sampling at 1000ms
[2016-09-11 22:52:18.027] [INFO] temperature - Sampled: 28.4
[2016-09-11 22:52:19.819] [INFO] temperature - Sampled: 28.4
[2016-09-11 22:52:19.996] [INFO] temperature - Sampled: 28.4
[2016-09-11 22:52:20.996] [INFO] temperature - Sampled: 28.4
[2016-09-11 23:00:03.108] [INFO] temperature - Started sampling at 1000ms
[2016-09-11 23:00:04.977] [INFO] temperature - Sampled: 28.5
[2016-09-11 23:00:05.959] [INFO] temperature - Sampled: 28.5
[2016-09-11 23:00:06.957] [INFO] temperature - Sampled: 28.5
[2016-09-11 23:00:30.499] [INFO] temperature - Started sampling at 1000ms
[2016-09-11 23:00:32.377] [INFO] temperature - Sampled: 28.5
[2016-09-11 23:00:33.349] [INFO] temperature - Sampled: 28.5
[2016-09-11 23:00:34.349] [INFO] temperature - Sampled: 28.6
[2016-09-11 23:00:35.346] [INFO] temperature - Sampled: 28.5
[2016-09-11 23:00:36.349] [INFO] temperature - Sampled: 28.5
[2016-09-11 23:00:37.348] [INFO] temperature - Sampled: 28.5
[2016-09-11 23:00:38.352] [INFO] temperature - Sampled: 28.6
[2016-09-11 23:00:48.125] [INFO] temperature - Started sampling at 1000ms
[2016-09-11 23:00:49.998] [INFO] temperature - Sampled: 28.5
[2016-09-11 23:00:50.969] [INFO] temperature - Sampled: 28.6
[2016-09-11 23:00:51.967] [INFO] temperature - Sampled: 28.6
[2016-09-11 23:00:52.970] [INFO] temperature - Sampled: 28.6
[2016-09-11 23:00:53.966] [INFO] temperature - Sampled: 28.6
[2016-09-11 23:00:54.976] [INFO] temperature - Sampled: 28.6
[2016-09-11 23:00:55.978] [INFO] temperature - Sampled: 28.6
[2016-09-11 23:00:56.980] [INFO] temperature - Sampled: 28.6
[2016-09-11 23:00:57.978] [INFO] temperature - Sampled: 28.6
[2016-09-11 23:00:58.976] [INFO] temperature - Sampled: 28.6
[2016-09-11 23:00:59.977] [INFO] temperature - Sampled: 28.6
[2016-09-11 23:01:00.977] [INFO] temperature - Sampled: 28.6
[2016-09-11 23:01:01.979] [INFO] temperature - Sampled: 28.6
[2016-09-11 23:01:02.976] [INFO] temperature - Sampled: 28.6
[2016-09-11 23:01:14.868] [INFO] temperature - Started sampling at 1000ms
[2016-09-11 23:01:20.046] [INFO] temperature - Started sampling at 30000ms
[2016-09-11 23:01:44.699] [INFO] temperature - Started sampling at 30000ms
[2016-09-11 23:04:39.412] [INFO] temperature - Started sampling at 1000ms
[2016-09-11 23:04:41.287] [INFO] temperature - Sampled: 28.5
[2016-09-11 23:04:42.263] [INFO] temperature - Sampled: 28.5
[2016-09-11 22:17:13.048] [INFO] temperature - Started sampling at 1000ms
[2016-09-11 22:17:14.934] [INFO] temperature - Sampled: 28.6
[2016-09-11 22:17:15.895] [INFO] temperature - Sampled: 28.6
[2016-09-11 22:17:16.905] [INFO] temperature - Sampled: 28.6
[2016-09-11 22:17:17.901] [INFO] temperature - Sampled: 28.6
[2016-09-11 22:17:18.902] [INFO] temperature - Sampled: 28.6
[2016-09-11 22:17:19.901] [INFO] temperature - Sampled: 28.6
[2016-09-11 22:17:20.902] [INFO] temperature - Sampled: 28.7
[2016-09-11 22:17:21.902] [INFO] temperature - Sampled: 28.7
[2016-09-11 23:06:54.603] [INFO] temperature - Sampled: 28.7
[2016-09-11 23:06:55.586] [INFO] temperature - Sampled: 28.7
[2016-09-11 23:06:56.575] [INFO] temperature - Sampled: 28.7
[2016-09-11 23:06:57.576] [INFO] temperature - Sampled: 28.7
[2016-09-11 23:06:58.583] [INFO] temperature - Sampled: 28.7
[2016-09-11 23:06:59.584] [INFO] temperature - Sampled: 28.7
[2016-09-11 23:07:00.583] [INFO] temperature - Sampled: 28.7
[2016-09-11 23:07:01.583] [INFO] temperature - Sampled: 28.7
[2016-09-11 23:07:02.584] [INFO] temperature - Sampled: 28.7
[2016-09-11 23:07:03.594] [INFO] temperature - Sampled: 28.8
[2016-09-11 23:07:04.594] [INFO] temperature - Sampled: 28.7
[2016-09-11 23:07:05.605] [INFO] temperature - Sampled: 28.8
[2016-09-11 23:07:06.597] [INFO] temperature - Sampled: 28.8
[2016-09-11 23:07:07.598] [INFO] temperature - Sampled: 28.8
[2016-09-11 23:07:08.611] [INFO] temperature - Sampled: 28.7
[2016-09-11 23:07:09.618] [INFO] temperature - Sampled: 28.8
[2016-09-11 23:07:10.611] [INFO] temperature - Sampled: 28.7
[2016-09-11 23:07:11.608] [INFO] temperature - Sampled: 28.8
[2016-09-11 23:07:12.606] [INFO] temperature - Sampled: 28.8
[2016-09-11 23:07:13.603] [INFO] temperature - Sampled: 28.8
[2016-09-11 23:07:14.604] [INFO] temperature - Sampled: 28.8
[2016-09-11 23:07:15.603] [INFO] temperature - Sampled: 28.8
[2016-09-11 23:07:16.602] [INFO] temperature - Sampled: 28.8
[2016-09-11 23:07:17.601] [INFO] temperature - Sampled: 28.8
[2016-09-11 23:07:18.605] [INFO] temperature - Sampled: 28.8
[2016-09-11 23:07:19.615] [INFO] temperature - Sampled: 28.8
[2016-09-11 23:07:20.614] [INFO] temperature - Sampled: 28.8
[2016-09-11 23:07:21.613] [INFO] temperature - Sampled: 28.8
[2016-09-11 23:07:22.613] [INFO] temperature - Sampled: 28.8
[2016-09-11 23:07:23.613] [INFO] temperature - Sampled: 28.8
[2016-09-11 23:07:24.615] [INFO] temperature - Sampled: 28.8
[2016-09-11 23:07:25.613] [INFO] temperature - Sampled: 28.8
[2016-09-11 23:07:26.623] [INFO] temperature - Sampled: 28.8
[2016-09-11 23:07:27.624] [INFO] temperature - Sampled: 28.8
[2016-09-11 23:07:28.631] [INFO] temperature - Sampled: 28.8
[2016-09-11 23:07:29.644] [INFO] temperature - Sampled: 28.8
[2016-09-11 23:07:30.621] [INFO] temperature - Sampled: 28.8
[2016-09-11 23:07:31.621] [INFO] temperature - Sampled: 28.8
[2016-09-11 23:07:32.623] [INFO] temperature - Sampled: 28.8
[2016-09-11 23:07:33.621] [INFO] temperature - Sampled: 28.8
[2016-09-11 23:07:34.647] [INFO] temperature - Sampled: 28.8
[2016-09-11 23:07:35.631] [INFO] temperature - Sampled: 28.8
[2016-09-11 23:07:36.633] [INFO] temperature - Sampled: 28.8
[2016-09-11 23:07:37.631] [INFO] temperature - Sampled: 28.8
[2016-09-11 23:07:38.632] [INFO] temperature - Sampled: 28.8
[2016-09-11 23:07:39.633] [INFO] temperature - Sampled: 28.8
[2016-09-11 23:07:40.632] [INFO] temperature - Sampled: 28.8
[2016-09-11 23:07:41.632] [INFO] temperature - Sampled: 28.8
[2016-09-11 23:07:42.632] [INFO] temperature - Sampled: 28.8
[2016-09-11 23:07:43.639] [INFO] temperature - Sampled: 28.8
[2016-09-11 23:07:44.635] [INFO] temperature - Sampled: 28.8
[2016-09-11 23:07:45.648] [INFO] temperature - Sampled: 28.8
[2016-09-11 23:07:46.642] [INFO] temperature - Sampled: 28.8
[2016-09-11 23:07:47.642] [INFO] temperature - Sampled: 28.8
[2016-09-11 23:07:48.669] [INFO] temperature - Sampled: 28.8
[2016-09-11 23:07:49.692] [INFO] temperature - Sampled: 28.8
[2016-09-11 23:07:50.681] [INFO] temperature - Sampled: 28.8
[2016-09-11 23:07:51.688] [INFO] temperature - Sampled: 28.8
[2016-09-11 23:07:52.674] [INFO] temperature - Sampled: 28.8
[2016-09-11 23:07:53.662] [INFO] temperature - Sampled: 28.8
[2016-09-11 23:07:54.662] [INFO] temperature - Sampled: 28.8
[2016-09-11 23:07:55.662] [INFO] temperature - Sampled: 28.8
[2016-09-11 23:07:56.662] [INFO] temperature - Sampled: 28.8
[2016-09-11 23:07:57.662] [INFO] temperature - Sampled: 28.8
[2016-09-11 23:07:58.672] [INFO] temperature - Sampled: 28.8
[2016-09-11 23:07:59.672] [INFO] temperature - Sampled: 28.8
[2016-09-11 23:08:00.672] [INFO] temperature - Sampled: 28.8
[2016-09-11 23:08:01.672] [INFO] temperature - Sampled: 28.8
[2016-09-11 23:08:15.065] [INFO] temperature - Started sampling at 30000ms
[2016-09-11 23:09:05.862] [INFO] temperature - Sampled: 28.8
[2016-09-11 23:09:35.837] [INFO] temperature - Sampled: 28.8
[2016-09-11 23:10:05.862] [INFO] temperature - Sampled: 28.8
[2016-09-11 23:10:35.884] [INFO] temperature - Sampled: 28.8
